<?xml version="1.0" encoding="UTF-8"?>
<testsuite xmlns:xsi="http://www.w3.org/2001/XMLSchema-instance" xsi:noNamespaceSchemaLocation="https://maven.apache.org/surefire/maven-surefire-plugin/xsd/surefire-test-report.xsd" name="pizzashop.service.PizzaServiceTest" time="0.041" tests="14" errors="13" skipped="1" failures="0">
  <properties>
    <property name="java.specification.version" value="17"/>
    <property name="sun.cpu.isalist" value="amd64"/>
    <property name="sonar.login" value="9c35e551303946fdae0b3986d8132ba525799130"/>
    <property name="sonar.host.url" value="http://localhost:9000"/>
    <property name="sun.jnu.encoding" value="Cp1252"/>
    <property name="java.class.path" value="D:\Facultate(An3)Sem2\VVSS\Labs\GIT\VVSS_Laborator\InitialProject\03_PizzaShop\target\test-classes;C:\Users\Georgiana\.m2\repository\org\junit\jupiter\junit-jupiter-engine\5.6.0\junit-jupiter-engine-5.6.0.jar;C:\Users\Georgiana\.m2\repository\org\apiguardian\apiguardian-api\1.1.0\apiguardian-api-1.1.0.jar;C:\Users\Georgiana\.m2\repository\org\junit\platform\junit-platform-engine\1.6.0\junit-platform-engine-1.6.0.jar;C:\Users\Georgiana\.m2\repository\org\junit\jupiter\junit-jupiter-api\5.6.0\junit-jupiter-api-5.6.0.jar;C:\Users\Georgiana\.m2\repository\org\opentest4j\opentest4j\1.2.0\opentest4j-1.2.0.jar;C:\Users\Georgiana\.m2\repository\org\junit\platform\junit-platform-commons\1.6.0\junit-platform-commons-1.6.0.jar;C:\Users\Georgiana\.m2\repository\org\junit\jupiter\junit-jupiter-params\5.6.0\junit-jupiter-params-5.6.0.jar;C:\Users\Georgiana\.m2\repository\org\openjfx\javafx-base\14-ea+4\javafx-base-14-ea+4.jar;C:\Users\Georgiana\.m2\repository\org\openjfx\javafx-graphics\14-ea+4\javafx-graphics-14-ea+4.jar;C:\Users\Georgiana\.m2\repository\org\openjfx\javafx-controls\14-ea+4\javafx-controls-14-ea+4.jar;C:\Users\Georgiana\.m2\repository\org\openjfx\javafx-fxml\14-ea+4\javafx-fxml-14-ea+4.jar;C:\Users\Georgiana\.m2\repository\org\openjfx\javafx-media\14-ea+4\javafx-media-14-ea+4.jar;C:\Users\Georgiana\.m2\repository\org\openjfx\javafx-media\14-ea+4\javafx-media-14-ea+4-win.jar;C:\Users\Georgiana\.m2\repository\org\openjfx\javafx-swing\14-ea+4\javafx-swing-14-ea+4.jar;C:\Users\Georgiana\.m2\repository\org\openjfx\javafx-swing\14-ea+4\javafx-swing-14-ea+4-win.jar;C:\Users\Georgiana\.m2\repository\org\openjfx\javafx-web\14-ea+4\javafx-web-14-ea+4.jar;C:\Users\Georgiana\.m2\repository\org\openjfx\javafx-web\14-ea+4\javafx-web-14-ea+4-win.jar;C:\Users\Georgiana\.m2\repository\log4j\log4j\1.2.17\log4j-1.2.17.jar;C:\Users\Georgiana\.m2\repository\org\controlsfx\controlsfx\11.0.1\controlsfx-11.0.1.jar;C:\Users\Georgiana\.m2\repository\org\mockito\mockito-core\4.5.1\mockito-core-4.5.1.jar;C:\Users\Georgiana\.m2\repository\net\bytebuddy\byte-buddy\1.12.9\byte-buddy-1.12.9.jar;C:\Users\Georgiana\.m2\repository\net\bytebuddy\byte-buddy-agent\1.12.9\byte-buddy-agent-1.12.9.jar;C:\Users\Georgiana\.m2\repository\org\objenesis\objenesis\3.2\objenesis-3.2.jar;"/>
    <property name="java.vm.vendor" value="Oracle Corporation"/>
    <property name="sun.arch.data.model" value="64"/>
    <property name="user.variant" value=""/>
    <property name="java.vendor.url" value="https://java.oracle.com/"/>
    <property name="user.timezone" value="Europe/Bucharest"/>
    <property name="os.name" value="Windows 10"/>
    <property name="java.vm.specification.version" value="17"/>
    <property name="sun.java.launcher" value="SUN_STANDARD"/>
    <property name="user.country" value="US"/>
    <property name="sun.boot.library.path" value="C:\Program Files\Java\jdk-17\bin"/>
    <property name="sun.java.command" value="org.apache.maven.surefire.booter.ForkedBooter C:\Users\Georgiana\AppData\Local\Temp\surefire8636269624501268017 2023-04-17T19-56-55_342-jvmRun1 surefire15945191573498329162tmp surefire_015504100206287723322tmp"/>
    <property name="jdk.debug" value="release"/>
    <property name="surefire.test.class.path" value="D:\Facultate(An3)Sem2\VVSS\Labs\GIT\VVSS_Laborator\InitialProject\03_PizzaShop\target\test-classes;C:\Users\Georgiana\.m2\repository\org\junit\jupiter\junit-jupiter-engine\5.6.0\junit-jupiter-engine-5.6.0.jar;C:\Users\Georgiana\.m2\repository\org\apiguardian\apiguardian-api\1.1.0\apiguardian-api-1.1.0.jar;C:\Users\Georgiana\.m2\repository\org\junit\platform\junit-platform-engine\1.6.0\junit-platform-engine-1.6.0.jar;C:\Users\Georgiana\.m2\repository\org\junit\jupiter\junit-jupiter-api\5.6.0\junit-jupiter-api-5.6.0.jar;C:\Users\Georgiana\.m2\repository\org\opentest4j\opentest4j\1.2.0\opentest4j-1.2.0.jar;C:\Users\Georgiana\.m2\repository\org\junit\platform\junit-platform-commons\1.6.0\junit-platform-commons-1.6.0.jar;C:\Users\Georgiana\.m2\repository\org\junit\jupiter\junit-jupiter-params\5.6.0\junit-jupiter-params-5.6.0.jar;C:\Users\Georgiana\.m2\repository\org\openjfx\javafx-base\14-ea+4\javafx-base-14-ea+4.jar;C:\Users\Georgiana\.m2\repository\org\openjfx\javafx-graphics\14-ea+4\javafx-graphics-14-ea+4.jar;C:\Users\Georgiana\.m2\repository\org\openjfx\javafx-controls\14-ea+4\javafx-controls-14-ea+4.jar;C:\Users\Georgiana\.m2\repository\org\openjfx\javafx-fxml\14-ea+4\javafx-fxml-14-ea+4.jar;C:\Users\Georgiana\.m2\repository\org\openjfx\javafx-media\14-ea+4\javafx-media-14-ea+4.jar;C:\Users\Georgiana\.m2\repository\org\openjfx\javafx-media\14-ea+4\javafx-media-14-ea+4-win.jar;C:\Users\Georgiana\.m2\repository\org\openjfx\javafx-swing\14-ea+4\javafx-swing-14-ea+4.jar;C:\Users\Georgiana\.m2\repository\org\openjfx\javafx-swing\14-ea+4\javafx-swing-14-ea+4-win.jar;C:\Users\Georgiana\.m2\repository\org\openjfx\javafx-web\14-ea+4\javafx-web-14-ea+4.jar;C:\Users\Georgiana\.m2\repository\org\openjfx\javafx-web\14-ea+4\javafx-web-14-ea+4-win.jar;C:\Users\Georgiana\.m2\repository\log4j\log4j\1.2.17\log4j-1.2.17.jar;C:\Users\Georgiana\.m2\repository\org\controlsfx\controlsfx\11.0.1\controlsfx-11.0.1.jar;C:\Users\Georgiana\.m2\repository\org\mockito\mockito-core\4.5.1\mockito-core-4.5.1.jar;C:\Users\Georgiana\.m2\repository\net\bytebuddy\byte-buddy\1.12.9\byte-buddy-1.12.9.jar;C:\Users\Georgiana\.m2\repository\net\bytebuddy\byte-buddy-agent\1.12.9\byte-buddy-agent-1.12.9.jar;C:\Users\Georgiana\.m2\repository\org\objenesis\objenesis\3.2\objenesis-3.2.jar;"/>
    <property name="sun.cpu.endian" value="little"/>
    <property name="user.home" value="C:\Users\Georgiana"/>
    <property name="user.language" value="en"/>
    <property name="java.specification.vendor" value="Oracle Corporation"/>
    <property name="jdk.module.path" value="D:\Facultate(An3)Sem2\VVSS\Labs\GIT\VVSS_Laborator\InitialProject\03_PizzaShop\target\classes;C:\Users\Georgiana\.m2\repository\org\openjfx\javafx-base\14-ea+4\javafx-base-14-ea+4-win.jar;C:\Users\Georgiana\.m2\repository\org\openjfx\javafx-graphics\14-ea+4\javafx-graphics-14-ea+4-win.jar;C:\Users\Georgiana\.m2\repository\org\openjfx\javafx-controls\14-ea+4\javafx-controls-14-ea+4-win.jar;C:\Users\Georgiana\.m2\repository\org\openjfx\javafx-fxml\14-ea+4\javafx-fxml-14-ea+4-win.jar"/>
    <property name="java.version.date" value="2021-09-14"/>
    <property name="java.home" value="C:\Program Files\Java\jdk-17"/>
    <property name="file.separator" value="\"/>
    <property name="basedir" value="D:\Facultate(An3)Sem2\VVSS\Labs\GIT\VVSS_Laborator\InitialProject\03_PizzaShop"/>
    <property name="java.vm.compressedOopsMode" value="Zero based"/>
    <property name="line.separator" value="&#10;"/>
    <property name="java.vm.specification.vendor" value="Oracle Corporation"/>
    <property name="java.specification.name" value="Java Platform API Specification"/>
    <property name="surefire.real.class.path" value="C:\Users\Georgiana\.m2\repository\org\apache\maven\surefire\surefire-booter\2.22.1\surefire-booter-2.22.1.jar;C:\Users\Georgiana\.m2\repository\org\apache\maven\surefire\surefire-api\2.22.1\surefire-api-2.22.1.jar;C:\Users\Georgiana\.m2\repository\org\apache\maven\surefire\surefire-logger-api\2.22.1\surefire-logger-api-2.22.1.jar;D:\Facultate(An3)Sem2\VVSS\Labs\GIT\VVSS_Laborator\InitialProject\03_PizzaShop\target\test-classes;C:\Users\Georgiana\.m2\repository\org\junit\jupiter\junit-jupiter-engine\5.6.0\junit-jupiter-engine-5.6.0.jar;C:\Users\Georgiana\.m2\repository\org\apiguardian\apiguardian-api\1.1.0\apiguardian-api-1.1.0.jar;C:\Users\Georgiana\.m2\repository\org\junit\platform\junit-platform-engine\1.6.0\junit-platform-engine-1.6.0.jar;C:\Users\Georgiana\.m2\repository\org\junit\jupiter\junit-jupiter-api\5.6.0\junit-jupiter-api-5.6.0.jar;C:\Users\Georgiana\.m2\repository\org\opentest4j\opentest4j\1.2.0\opentest4j-1.2.0.jar;C:\Users\Georgiana\.m2\repository\org\junit\platform\junit-platform-commons\1.6.0\junit-platform-commons-1.6.0.jar;C:\Users\Georgiana\.m2\repository\org\junit\jupiter\junit-jupiter-params\5.6.0\junit-jupiter-params-5.6.0.jar;C:\Users\Georgiana\.m2\repository\org\openjfx\javafx-base\14-ea+4\javafx-base-14-ea+4.jar;C:\Users\Georgiana\.m2\repository\org\openjfx\javafx-graphics\14-ea+4\javafx-graphics-14-ea+4.jar;C:\Users\Georgiana\.m2\repository\org\openjfx\javafx-controls\14-ea+4\javafx-controls-14-ea+4.jar;C:\Users\Georgiana\.m2\repository\org\openjfx\javafx-fxml\14-ea+4\javafx-fxml-14-ea+4.jar;C:\Users\Georgiana\.m2\repository\org\openjfx\javafx-media\14-ea+4\javafx-media-14-ea+4.jar;C:\Users\Georgiana\.m2\repository\org\openjfx\javafx-media\14-ea+4\javafx-media-14-ea+4-win.jar;C:\Users\Georgiana\.m2\repository\org\openjfx\javafx-swing\14-ea+4\javafx-swing-14-ea+4.jar;C:\Users\Georgiana\.m2\repository\org\openjfx\javafx-swing\14-ea+4\javafx-swing-14-ea+4-win.jar;C:\Users\Georgiana\.m2\repository\org\openjfx\javafx-web\14-ea+4\javafx-web-14-ea+4.jar;C:\Users\Georgiana\.m2\repository\org\openjfx\javafx-web\14-ea+4\javafx-web-14-ea+4-win.jar;C:\Users\Georgiana\.m2\repository\log4j\log4j\1.2.17\log4j-1.2.17.jar;C:\Users\Georgiana\.m2\repository\org\controlsfx\controlsfx\11.0.1\controlsfx-11.0.1.jar;C:\Users\Georgiana\.m2\repository\org\mockito\mockito-core\4.5.1\mockito-core-4.5.1.jar;C:\Users\Georgiana\.m2\repository\net\bytebuddy\byte-buddy\1.12.9\byte-buddy-1.12.9.jar;C:\Users\Georgiana\.m2\repository\net\bytebuddy\byte-buddy-agent\1.12.9\byte-buddy-agent-1.12.9.jar;C:\Users\Georgiana\.m2\repository\org\objenesis\objenesis\3.2\objenesis-3.2.jar;C:\Users\Georgiana\.m2\repository\org\apache\maven\surefire\surefire-junit-platform\2.22.1\surefire-junit-platform-2.22.1.jar;C:\Users\Georgiana\.m2\repository\org\junit\platform\junit-platform-launcher\1.3.1\junit-platform-launcher-1.3.1.jar"/>
    <property name="user.script" value=""/>
    <property name="sun.management.compiler" value="HotSpot 64-Bit Tiered Compilers"/>
    <property name="java.runtime.version" value="17+35-LTS-2724"/>
    <property name="user.name" value="Georgiana"/>
    <property name="path.separator" value=";"/>
    <property name="os.version" value="10.0"/>
    <property name="java.runtime.name" value="Java(TM) SE Runtime Environment"/>
    <property name="file.encoding" value="Cp1252"/>
    <property name="java.vm.name" value="Java HotSpot(TM) 64-Bit Server VM"/>
    <property name="localRepository" value="C:\Users\Georgiana\.m2\repository"/>
    <property name="java.vendor.url.bug" value="https://bugreport.java.com/bugreport/"/>
    <property name="java.io.tmpdir" value="C:\Users\GEORGI~1\AppData\Local\Temp\"/>
    <property name="java.version" value="17"/>
    <property name="user.dir" value="D:\Facultate(An3)Sem2\VVSS\Labs\GIT\VVSS_Laborator\InitialProject\03_PizzaShop"/>
    <property name="os.arch" value="amd64"/>
    <property name="java.vm.specification.name" value="Java Virtual Machine Specification"/>
    <property name="sun.os.patch.level" value=""/>
    <property name="native.encoding" value="Cp1252"/>
    <property name="sonar.projectKey" value="FirstProjectToAnalyze"/>
    <property name="java.library.path" value="C:\Program Files\Java\jdk-17\bin;C:\WINDOWS\Sun\Java\bin;C:\WINDOWS\system32;C:\WINDOWS;C:\Program Files\Git\mingw64\bin;C:\Program Files\Git\usr\bin;C:\Users\Georgiana\bin;C:\Program Files\Microsoft MPI\Bin;C:\Users\Georgiana\AppData\Roaming\Microsoft\Windows\Start Menu\Programs\Python 3.9;C:\Program Files\dotnet;C:\Program Files\nodejs;C;Windows\System32;C:\Program Files\Docker\Docker\resources\bin;C:\Program Files\Java\jdk-17\bin\bin;C:\Program Files\JetBrains\IntelliJ IDEA 2021.2.2\plugins\maven\lib\maven3\bin;C:\Program Files\MySQL\MySQL Shell 8.0\bin;C:\Users\Georgiana\AppData\Local\Microsoft\WindowsApps;C:\Program Files\JetBrains\IntelliJ IDEA Community Edition 2021.1.2\bin;C:\Users\Georgiana\AppData\Local\GitHubDesktop\bin;C:\Program Files\Azure Data Studio\bin;C:\Program Files\Java\jdk-17;C:\Program Files\Java\jdk-14.0.2;C:\Program Files\JetBrains\PyCharm 2021.3.2\bin;C:\Users\Georgiana\.dotnet\tools;C:\Users\Georgiana\Downloads\protoc-3.20.1-rc-1-win64\bin;C:\xampp\php;C:\xampp\mysql\bin;C:\Users\Georgiana\AppData\Roaming\npm;C:\Users\Georgiana\AppData\Local\Programs\Microsoft VS Code\bin;C:\Program Files\Java\jdk-17\bin;C;Windows\System32;."/>
    <property name="java.vm.info" value="mixed mode"/>
    <property name="java.vendor" value="Oracle Corporation"/>
    <property name="java.vm.version" value="17+35-LTS-2724"/>
    <property name="sun.io.unicode.encoding" value="UnicodeLittle"/>
    <property name="java.class.version" value="61.0"/>
  </properties>
  <testcase name="getTotalAmountValid_1" classname="pizzashop.service.PizzaServiceTest" time="0.016">
    <error message="Unable to make pizzashop.service.PizzaServiceTest() accessible: module pizzashop does not &quot;opens pizzashop.service&quot; to unnamed module @1534f01b" type="java.lang.reflect.InaccessibleObjectException">java.lang.reflect.InaccessibleObjectException: Unable to make pizzashop.service.PizzaServiceTest() accessible: module pizzashop does not "opens pizzashop.service" to unnamed module @1534f01b
</error>
  </testcase>
  <testcase name="getTotalAmountValid_2" classname="pizzashop.service.PizzaServiceTest" time="0">
    <error message="Unable to make pizzashop.service.PizzaServiceTest() accessible: module pizzashop does not &quot;opens pizzashop.service&quot; to unnamed module @1534f01b" type="java.lang.reflect.InaccessibleObjectException">java.lang.reflect.InaccessibleObjectException: Unable to make pizzashop.service.PizzaServiceTest() accessible: module pizzashop does not "opens pizzashop.service" to unnamed module @1534f01b
</error>
  </testcase>
  <testcase name="getTotalAmountValid_3" classname="pizzashop.service.PizzaServiceTest" time="0">
    <error message="Unable to make pizzashop.service.PizzaServiceTest() accessible: module pizzashop does not &quot;opens pizzashop.service&quot; to unnamed module @1534f01b" type="java.lang.reflect.InaccessibleObjectException">java.lang.reflect.InaccessibleObjectException: Unable to make pizzashop.service.PizzaServiceTest() accessible: module pizzashop does not "opens pizzashop.service" to unnamed module @1534f01b
</error>
  </testcase>
  <testcase name="add_payment_8_ecp{Integer}[1]" classname="pizzashop.service.PizzaServiceTest" time="0">
    <error message="Unable to make pizzashop.service.PizzaServiceTest() accessible: module pizzashop does not &quot;opens pizzashop.service&quot; to unnamed module @1534f01b" type="java.lang.reflect.InaccessibleObjectException">java.lang.reflect.InaccessibleObjectException: Unable to make pizzashop.service.PizzaServiceTest() accessible: module pizzashop does not "opens pizzashop.service" to unnamed module @1534f01b
</error>
  </testcase>
  <testcase name="getTotalAmountInvalid" classname="pizzashop.service.PizzaServiceTest" time="0">
    <error message="Unable to make pizzashop.service.PizzaServiceTest() accessible: module pizzashop does not &quot;opens pizzashop.service&quot; to unnamed module @1534f01b" type="java.lang.reflect.InaccessibleObjectException">java.lang.reflect.InaccessibleObjectException: Unable to make pizzashop.service.PizzaServiceTest() accessible: module pizzashop does not "opens pizzashop.service" to unnamed module @1534f01b
</error>
  </testcase>
  <testcase name="addPayment_1_bva" classname="pizzashop.service.PizzaServiceTest" time="0">
    <error message="Unable to make pizzashop.service.PizzaServiceTest() accessible: module pizzashop does not &quot;opens pizzashop.service&quot; to unnamed module @1534f01b" type="java.lang.reflect.InaccessibleObjectException">java.lang.reflect.InaccessibleObjectException: Unable to make pizzashop.service.PizzaServiceTest() accessible: module pizzashop does not "opens pizzashop.service" to unnamed module @1534f01b
</error>
  </testcase>
  <testcase name="addPayment_2_bva" classname="pizzashop.service.PizzaServiceTest" time="0">
    <error message="Unable to make pizzashop.service.PizzaServiceTest() accessible: module pizzashop does not &quot;opens pizzashop.service&quot; to unnamed module @1534f01b" type="java.lang.reflect.InaccessibleObjectException">java.lang.reflect.InaccessibleObjectException: Unable to make pizzashop.service.PizzaServiceTest() accessible: module pizzashop does not "opens pizzashop.service" to unnamed module @1534f01b
</error>
  </testcase>
  <testcase name="addPayment_3_bva" classname="pizzashop.service.PizzaServiceTest" time="0">
    <error message="Unable to make pizzashop.service.PizzaServiceTest() accessible: module pizzashop does not &quot;opens pizzashop.service&quot; to unnamed module @1534f01b" type="java.lang.reflect.InaccessibleObjectException">java.lang.reflect.InaccessibleObjectException: Unable to make pizzashop.service.PizzaServiceTest() accessible: module pizzashop does not "opens pizzashop.service" to unnamed module @1534f01b
</error>
  </testcase>
  <testcase name="addPayment_4_bva" classname="pizzashop.service.PizzaServiceTest" time="0">
    <error message="Unable to make pizzashop.service.PizzaServiceTest() accessible: module pizzashop does not &quot;opens pizzashop.service&quot; to unnamed module @1534f01b" type="java.lang.reflect.InaccessibleObjectException">java.lang.reflect.InaccessibleObjectException: Unable to make pizzashop.service.PizzaServiceTest() accessible: module pizzashop does not "opens pizzashop.service" to unnamed module @1534f01b
</error>
  </testcase>
  <testcase name="addPayment_5_ecp" classname="pizzashop.service.PizzaServiceTest" time="0">
    <error message="Unable to make pizzashop.service.PizzaServiceTest() accessible: module pizzashop does not &quot;opens pizzashop.service&quot; to unnamed module @1534f01b" type="java.lang.reflect.InaccessibleObjectException">java.lang.reflect.InaccessibleObjectException: Unable to make pizzashop.service.PizzaServiceTest() accessible: module pizzashop does not "opens pizzashop.service" to unnamed module @1534f01b
</error>
  </testcase>
  <testcase name="addPayment_5_ecp[1]" classname="pizzashop.service.PizzaServiceTest" time="0">
    <error message="Unable to make pizzashop.service.PizzaServiceTest() accessible: module pizzashop does not &quot;opens pizzashop.service&quot; to unnamed module @1534f01b" type="java.lang.reflect.InaccessibleObjectException">java.lang.reflect.InaccessibleObjectException: Unable to make pizzashop.service.PizzaServiceTest() accessible: module pizzashop does not "opens pizzashop.service" to unnamed module @1534f01b
</error>
  </testcase>
  <testcase name="addPayment_6_ecp" classname="pizzashop.service.PizzaServiceTest" time="0">
    <error message="Unable to make pizzashop.service.PizzaServiceTest() accessible: module pizzashop does not &quot;opens pizzashop.service&quot; to unnamed module @1534f01b" type="java.lang.reflect.InaccessibleObjectException">java.lang.reflect.InaccessibleObjectException: Unable to make pizzashop.service.PizzaServiceTest() accessible: module pizzashop does not "opens pizzashop.service" to unnamed module @1534f01b
</error>
  </testcase>
  <testcase name="addPayment_7_ecp" classname="pizzashop.service.PizzaServiceTest" time="0">
    <error message="Unable to make pizzashop.service.PizzaServiceTest() accessible: module pizzashop does not &quot;opens pizzashop.service&quot; to unnamed module @1534f01b" type="java.lang.reflect.InaccessibleObjectException">java.lang.reflect.InaccessibleObjectException: Unable to make pizzashop.service.PizzaServiceTest() accessible: module pizzashop does not "opens pizzashop.service" to unnamed module @1534f01b
</error>
  </testcase>
  <testcase name="addPayment_disabled_9_ecp{Integer}" classname="pizzashop.service.PizzaServiceTest" time="0">
    <skipped message="void pizzashop.service.PizzaServiceTest.addPayment_disabled_9_ecp(java.lang.Integer) throws java.lang.Exception is @Disabled"/>
  </testcase>
</testsuite>