<?xml version="1.0" encoding="UTF-8"?>
<testsuite xmlns:xsi="http://www.w3.org/2001/XMLSchema-instance" xsi:noNamespaceSchemaLocation="https://maven.apache.org/surefire/maven-surefire-plugin/xsd/surefire-test-report.xsd" name="pizzashop.service.PizzaServiceTest" time="0.041" tests="14" errors="13" skipped="1" failures="0">
  <properties>
[...]
</properties>
  <testcase name="getTotalAmountValid_1" classname="pizzashop.service.PizzaServiceTest" time="0.016">
    <error message="Unable to make pizzashop.service.PizzaServiceTest() accessible: module pizzashop does not &quot;opens pizzashop.service&quot; to unnamed module @1534f01b" type="java.lang.reflect.InaccessibleObjectException">java.lang.reflect.InaccessibleObjectException: Unable to make pizzashop.service.PizzaServiceTest() accessible: module pizzashop does not "opens pizzashop.service" to unnamed module @1534f01b
</error>
  </testcase>
  <testcase name="getTotalAmountValid_2" classname="pizzashop.service.PizzaServiceTest" time="0">
    <error message="Unable to make pizzashop.service.PizzaServiceTest() accessible: module pizzashop does not &quot;opens pizzashop.service&quot; to unnamed module @1534f01b" type="java.lang.reflect.InaccessibleObjectException">java.lang.reflect.InaccessibleObjectException: Unable to make pizzashop.service.PizzaServiceTest() accessible: module pizzashop does not "opens pizzashop.service" to unnamed module @1534f01b
</error>
  </testcase>
  <testcase name="getTotalAmountValid_3" classname="pizzashop.service.PizzaServiceTest" time="0">
    <error message="Unable to make pizzashop.service.PizzaServiceTest() accessible: module pizzashop does not &quot;opens pizzashop.service&quot; to unnamed module @1534f01b" type="java.lang.reflect.InaccessibleObjectException">java.lang.reflect.InaccessibleObjectException: Unable to make pizzashop.service.PizzaServiceTest() accessible: module pizzashop does not "opens pizzashop.service" to unnamed module @1534f01b
</error>
  </testcase>
  <testcase name="add_payment_8_ecp{Integer}[1]" classname="pizzashop.service.PizzaServiceTest" time="0">
    <error message="Unable to make pizzashop.service.PizzaServiceTest() accessible: module pizzashop does not &quot;opens pizzashop.service&quot; to unnamed module @1534f01b" type="java.lang.reflect.InaccessibleObjectException">java.lang.reflect.InaccessibleObjectException: Unable to make pizzashop.service.PizzaServiceTest() accessible: module pizzashop does not "opens pizzashop.service" to unnamed module @1534f01b
</error>
  </testcase>
  <testcase name="getTotalAmountInvalid" classname="pizzashop.service.PizzaServiceTest" time="0">
    <error message="Unable to make pizzashop.service.PizzaServiceTest() accessible: module pizzashop does not &quot;opens pizzashop.service&quot; to unnamed module @1534f01b" type="java.lang.reflect.InaccessibleObjectException">java.lang.reflect.InaccessibleObjectException: Unable to make pizzashop.service.PizzaServiceTest() accessible: module pizzashop does not "opens pizzashop.service" to unnamed module @1534f01b
</error>
  </testcase>
  <testcase name="addPayment_1_bva" classname="pizzashop.service.PizzaServiceTest" time="0">
    <error message="Unable to make pizzashop.service.PizzaServiceTest() accessible: module pizzashop does not &quot;opens pizzashop.service&quot; to unnamed module @1534f01b" type="java.lang.reflect.InaccessibleObjectException">java.lang.reflect.InaccessibleObjectException: Unable to make pizzashop.service.PizzaServiceTest() accessible: module pizzashop does not "opens pizzashop.service" to unnamed module @1534f01b
</error>
  </testcase>
  <testcase name="addPayment_2_bva" classname="pizzashop.service.PizzaServiceTest" time="0">
    <error message="Unable to make pizzashop.service.PizzaServiceTest() accessible: module pizzashop does not &quot;opens pizzashop.service&quot; to unnamed module @1534f01b" type="java.lang.reflect.InaccessibleObjectException">java.lang.reflect.InaccessibleObjectException: Unable to make pizzashop.service.PizzaServiceTest() accessible: module pizzashop does not "opens pizzashop.service" to unnamed module @1534f01b
</error>
  </testcase>
  <testcase name="addPayment_3_bva" classname="pizzashop.service.PizzaServiceTest" time="0">
    <error message="Unable to make pizzashop.service.PizzaServiceTest() accessible: module pizzashop does not &quot;opens pizzashop.service&quot; to unnamed module @1534f01b" type="java.lang.reflect.InaccessibleObjectException">java.lang.reflect.InaccessibleObjectException: Unable to make pizzashop.service.PizzaServiceTest() accessible: module pizzashop does not "opens pizzashop.service" to unnamed module @1534f01b
</error>
  </testcase>
  <testcase name="addPayment_4_bva" classname="pizzashop.service.PizzaServiceTest" time="0">
    <error message="Unable to make pizzashop.service.PizzaServiceTest() accessible: module pizzashop does not &quot;opens pizzashop.service&quot; to unnamed module @1534f01b" type="java.lang.reflect.InaccessibleObjectException">java.lang.reflect.InaccessibleObjectException: Unable to make pizzashop.service.PizzaServiceTest() accessible: module pizzashop does not "opens pizzashop.service" to unnamed module @1534f01b
</error>
  </testcase>
  <testcase name="addPayment_5_ecp" classname="pizzashop.service.PizzaServiceTest" time="0">
    <error message="Unable to make pizzashop.service.PizzaServiceTest() accessible: module pizzashop does not &quot;opens pizzashop.service&quot; to unnamed module @1534f01b" type="java.lang.reflect.InaccessibleObjectException">java.lang.reflect.InaccessibleObjectException: Unable to make pizzashop.service.PizzaServiceTest() accessible: module pizzashop does not "opens pizzashop.service" to unnamed module @1534f01b
</error>
  </testcase>
  <testcase name="addPayment_5_ecp[1]" classname="pizzashop.service.PizzaServiceTest" time="0">
    <error message="Unable to make pizzashop.service.PizzaServiceTest() accessible: module pizzashop does not &quot;opens pizzashop.service&quot; to unnamed module @1534f01b" type="java.lang.reflect.InaccessibleObjectException">java.lang.reflect.InaccessibleObjectException: Unable to make pizzashop.service.PizzaServiceTest() accessible: module pizzashop does not "opens pizzashop.service" to unnamed module @1534f01b
</error>
  </testcase>
  <testcase name="addPayment_6_ecp" classname="pizzashop.service.PizzaServiceTest" time="0">
    <error message="Unable to make pizzashop.service.PizzaServiceTest() accessible: module pizzashop does not &quot;opens pizzashop.service&quot; to unnamed module @1534f01b" type="java.lang.reflect.InaccessibleObjectException">java.lang.reflect.InaccessibleObjectException: Unable to make pizzashop.service.PizzaServiceTest() accessible: module pizzashop does not "opens pizzashop.service" to unnamed module @1534f01b
</error>
  </testcase>
  <testcase name="addPayment_7_ecp" classname="pizzashop.service.PizzaServiceTest" time="0">
    <error message="Unable to make pizzashop.service.PizzaServiceTest() accessible: module pizzashop does not &quot;opens pizzashop.service&quot; to unnamed module @1534f01b" type="java.lang.reflect.InaccessibleObjectException">java.lang.reflect.InaccessibleObjectException: Unable to make pizzashop.service.PizzaServiceTest() accessible: module pizzashop does not "opens pizzashop.service" to unnamed module @1534f01b
</error>
  </testcase>
  <testcase name="addPayment_disabled_9_ecp{Integer}" classname="pizzashop.service.PizzaServiceTest" time="0">
    <skipped message="void pizzashop.service.PizzaServiceTest.addPayment_disabled_9_ecp(java.lang.Integer) throws java.lang.Exception is @Disabled"/>
  </testcase>
</testsuite>